{
    "level": "info",
    "message": "Server running in port ",
    "service": "user-service",
    "timestamp": "2026-03-24T03:19:27.405Z"
}
{
    "level": "info",
    "message": "Server running in port ",
    "service": "user-service",
    "timestamp": "2026-03-24T03:19:27.977Z"
}
{
    "level": "info",
    "message": "Server running in port ",
    "service": "user-service",
    "timestamp": "2026-03-24T03:19:28.486Z"
}
{
    "level": "info",
    "message": "Server running in port ",
    "service": "user-service",
    "timestamp": "2026-03-24T03:19:29.035Z"
}
{
    "level": "info",
    "message": "Server running in port ",
    "service": "user-service",
    "timestamp": "2026-03-24T03:19:29.608Z"
}
{
    "level": "info",
    "message": "MongoDB Connected",
    "service": "user-service",
    "timestamp": "2026-03-24T03:19:30.488Z"
}
{
    "level": "info",
    "message": "Server running in port ",
    "service": "user-service",
    "timestamp": "2026-03-24T03:19:30.494Z"
}
{
    "level": "info",
    "message": "MongoDB Connected",
    "service": "user-service",
    "timestamp": "2026-03-24T03:19:31.080Z"
}
{
    "level": "info",
    "message": "Server running in port ",
    "service": "user-service",
    "timestamp": "2026-03-24T03:19:31.085Z"
}
{
    "level": "info",
    "message": "MongoDB Connected",
    "service": "user-service",
    "timestamp": "2026-03-24T03:19:31.645Z"
}
{
    "level": "info",
    "message": "Server running in port ",
    "service": "user-service",
    "timestamp": "2026-03-24T03:19:31.651Z"
}
{
    "level": "info",
    "message": "MongoDB Connected",
    "service": "user-service",
    "timestamp": "2026-03-24T03:19:32.268Z"
}
{
    "level": "info",
    "message": "Server running in port ",
    "service": "user-service",
    "timestamp": "2026-03-24T03:19:32.273Z"
}
{
    "level": "info",
    "message": "MongoDB Connected",
    "service": "user-service",
    "timestamp": "2026-03-24T03:19:32.830Z"
}
{
    "level": "info",
    "message": "Server running in port ",
    "service": "user-service",
    "timestamp": "2026-03-24T03:19:32.836Z"
}
{
    "level": "info",
    "message": "MongoDB Connected",
    "service": "user-service",
    "timestamp": "2026-03-24T03:19:33.396Z"
}
{
    "level": "info",
    "message": "Server running in port ",
    "service": "user-service",
    "timestamp": "2026-03-24T03:19:33.402Z"
}
{
    "level": "info",
    "message": "MongoDB Connected",
    "service": "user-service",
    "timestamp": "2026-03-24T03:19:34.016Z"
}
{
    "level": "info",
    "message": "Server running in port ",
    "service": "user-service",
    "timestamp": "2026-03-24T03:19:34.022Z"
}
{
    "level": "info",
    "message": "MongoDB Connected",
    "service": "user-service",
    "timestamp": "2026-03-24T03:19:34.632Z"
}
{
    "level": "info",
    "message": "Server running in port ",
    "service": "user-service",
    "timestamp": "2026-03-24T03:19:34.638Z"
}
{
    "level": "info",
    "message": "MongoDB Connected",
    "service": "user-service",
    "timestamp": "2026-03-24T03:19:35.298Z"
}
{
    "level": "info",
    "message": "Server running in port ",
    "service": "user-service",
    "timestamp": "2026-03-24T03:19:35.304Z"
}
{
    "level": "info",
    "message": "MongoDB Connected",
    "service": "user-service",
    "timestamp": "2026-03-24T03:19:35.831Z"
}
{
    "level": "info",
    "message": "Server running in port ",
    "service": "user-service",
    "timestamp": "2026-03-24T03:19:35.836Z"
}
{
    "level": "info",
    "message": "MongoDB Connected",
    "service": "user-service",
    "timestamp": "2026-03-24T03:19:36.347Z"
}
{
    "level": "info",
    "message": "Server running in port ",
    "service": "user-service",
    "timestamp": "2026-03-24T03:19:36.352Z"
}
{
    "level": "info",
    "message": "MongoDB Connected",
    "service": "user-service",
    "timestamp": "2026-03-24T03:19:36.869Z"
}
{
    "level": "info",
    "message": "Server running in port ",
    "service": "user-service",
    "timestamp": "2026-03-24T03:19:36.875Z"
}
{
    "level": "info",
    "message": "MongoDB Connected",
    "service": "user-service",
    "timestamp": "2026-03-24T03:19:37.436Z"
}
{
    "level": "info",
    "message": "Server running in port ",
    "service": "user-service",
    "timestamp": "2026-03-24T03:19:37.442Z"
}
{
    "level": "info",
    "message": "MongoDB Connected",
    "service": "user-service",
    "timestamp": "2026-03-24T03:19:37.967Z"
}
{
    "level": "info",
    "message": "Server running in port ",
    "service": "user-service",
    "timestamp": "2026-03-24T03:19:37.973Z"
}
{
    "level": "info",
    "message": "MongoDB Connected",
    "service": "user-service",
    "timestamp": "2026-03-24T03:19:38.605Z"
}
{
    "level": "info",
    "message": "Server running in port ",
    "service": "user-service",
    "timestamp": "2026-03-24T03:19:38.611Z"
}
{
    "level": "info",
    "message": "MongoDB Connected",
    "service": "user-service",
    "timestamp": "2026-03-24T03:19:39.233Z"
}
{
    "level": "info",
    "message": "Server running in port ",
    "service": "user-service",
    "timestamp": "2026-03-24T03:19:39.238Z"
}
{
    "level": "info",
    "message": "MongoDB Connected",
    "service": "user-service",
    "timestamp": "2026-03-24T03:19:39.732Z"
}
{
    "level": "info",
    "message": "Server running in port ",
    "service": "user-service",
    "timestamp": "2026-03-24T03:19:39.737Z"
}
{
    "level": "info",
    "message": "MongoDB Connected",
    "service": "user-service",
    "timestamp": "2026-03-24T03:19:40.354Z"
}
{
    "level": "info",
    "message": "Server running in port ",
    "service": "user-service",
    "timestamp": "2026-03-24T03:19:40.364Z"
}
{
    "level": "info",
    "message": "MongoDB Connected",
    "service": "user-service",
    "timestamp": "2026-03-24T03:19:41.062Z"
}
{
    "level": "info",
    "message": "Server running in port ",
    "service": "user-service",
    "timestamp": "2026-03-24T03:19:41.068Z"
}